2026-03-25 17:41:19,774 | INFO | Logging initialized. Saving to: /app/Results/metadata_analysis
2026-03-25 17:41:19,775 | INFO | Successfully created/verified metadata_analysis directory at: /app/Results/metadata_analysis
2026-03-25 17:41:19,775 | INFO | ===== METADATA ANALYSIS STARTED =====
2026-03-25 17:41:19,815 | INFO | Metadata file loaded: /app/Data_Files/E.coli_combined_diverse_commensals.csv
2026-03-25 17:41:19,815 | INFO | The columns in the metadata file are: ['accession', 'tax_id', 'strain', 'assembly_level', 'collection_date', 'geo_location', 'host', 'bioproject_id', 'biosample_id', 'source_type', 'title', 'year_clean', 'country_clean', 'host_clean', 'diversity_group']
2026-03-25 17:41:19,817 | INFO | Successfully loaded JSON data.
2026-03-25 17:41:19,823 | INFO | 
Metadata Summary Table:
            Metric  Value
Genomic Assemblies    465
     Unique TaxIDs      5
2026-03-25 17:41:19,832 | INFO | 
Genome Count per TaxID:
 TaxID  Genomic Assemblies                                  Organism
   562                 400                          Escherichia coli
 83334                  62                  Escherichia coli O157:H7
996639                   1                  Escherichia coli O16:H48
155864                   1                     Escherichia coli K-12
386585                   1 Escherichia coli str. K-12 substr. MG1655
2026-03-25 17:41:19,836 | INFO | Generating TaxID distribution plot
2026-03-25 17:41:19,873 | INFO | Using categorical units to plot a list of strings that are all parsable as floats or dates. If these strings should be plotted as numbers, cast to the appropriate data type before plotting.
2026-03-25 17:41:19,882 | INFO | Using categorical units to plot a list of strings that are all parsable as floats or dates. If these strings should be plotted as numbers, cast to the appropriate data type before plotting.
2026-03-25 17:41:20,497 | INFO | Plot saved: /app/Results/metadata_analysis/taxid_distribution.png
